TN:
SF:C:\Users\Administrator\Desktop\NodeJS\MyDemoRepo\app.js
FN:21,(anonymous_0)
FN:26,(anonymous_1)
FN:54,(anonymous_2)
FN:59,(anonymous_3)
FNF:4
FNH:1
FNDA:1,(anonymous_0)
FNDA:0,(anonymous_1)
FNDA:0,(anonymous_2)
FNDA:0,(anonymous_3)
DA:1,1
DA:2,1
DA:4,1
DA:5,1
DA:7,1
DA:8,1
DA:9,1
DA:10,1
DA:11,1
DA:12,1
DA:14,1
DA:16,1
DA:17,1
DA:18,1
DA:19,1
DA:21,1
DA:22,1
DA:26,1
DA:27,0
DA:28,0
DA:30,1
DA:33,1
DA:42,1
DA:49,1
DA:51,1
DA:54,1
DA:55,0
DA:59,1
DA:61,0
DA:62,0
DA:65,0
DA:66,0
DA:69,1
LF:33
LH:26
BRDA:62,0,0,0
BRDA:62,0,1,0
BRDA:65,1,0,0
BRDA:65,1,1,0
BRF:4
BRH:0
end_of_record
TN:
SF:C:\Users\Administrator\Desktop\NodeJS\MyDemoRepo\apis\getEmployee\controllers\getEmployeeController.js
FN:6,(anonymous_0)
FN:16,(anonymous_1)
FNF:2
FNH:2
FNDA:1,(anonymous_0)
FNDA:1,(anonymous_1)
DA:1,1
DA:2,1
DA:3,1
DA:4,1
DA:6,1
DA:7,1
DA:8,1
DA:9,1
DA:10,1
DA:11,1
DA:12,0
DA:13,0
DA:16,1
DA:17,1
DA:18,0
DA:19,0
DA:21,1
DA:22,1
LF:18
LH:14
BRDA:11,0,0,0
BRDA:11,0,1,1
BRDA:17,1,0,0
BRDA:17,1,1,1
BRF:4
BRH:2
end_of_record
TN:
SF:C:\Users\Administrator\Desktop\NodeJS\MyDemoRepo\apis\getEmployee\routes\getEmployee.js
FNF:0
FNH:0
DA:1,1
DA:2,1
DA:4,1
DA:7,1
DA:26,1
DA:28,1
LF:6
LH:6
BRF:0
BRH:0
end_of_record
TN:
SF:C:\Users\Administrator\Desktop\NodeJS\MyDemoRepo\apis\getEmployee\services\getEmployeeService.js
FN:3,(anonymous_0)
FN:5,(anonymous_1)
FNF:2
FNH:2
FNDA:1,(anonymous_0)
FNDA:1,(anonymous_1)
DA:1,1
DA:2,1
DA:4,1
DA:5,1
DA:6,1
DA:7,1
DA:8,0
DA:10,1
LF:8
LH:7
BRDA:7,0,0,0
BRDA:7,0,1,1
BRF:2
BRH:1
end_of_record
TN:
SF:C:\Users\Administrator\Desktop\NodeJS\MyDemoRepo\apis\getEmployee\test\getEmployee.spec.js
FN:15,(anonymous_0)
FN:19,(anonymous_1)
FN:20,(anonymous_2)
FN:23,(anonymous_3)
FNF:4
FNH:4
FNDA:1,(anonymous_0)
FNDA:1,(anonymous_1)
FNDA:1,(anonymous_2)
FNDA:1,(anonymous_3)
DA:2,1
DA:5,1
DA:6,1
DA:7,1
DA:8,1
DA:9,1
DA:12,1
DA:15,1
DA:19,1
DA:20,1
DA:21,1
DA:24,1
DA:27,1
LF:13
LH:13
BRF:0
BRH:0
end_of_record
TN:
SF:C:\Users\Administrator\Desktop\NodeJS\MyDemoRepo\apis\getEmployee\utils\queryUtil.js
FNF:0
FNH:0
DA:1,1
LF:1
LH:1
BRF:0
BRH:0
end_of_record
TN:
SF:C:\Users\Administrator\Desktop\NodeJS\MyDemoRepo\apis\postEmployee\controllers\postEmployeeController.js
FN:6,(anonymous_0)
FN:12,(anonymous_1)
FNF:2
FNH:1
FNDA:1,(anonymous_0)
FNDA:0,(anonymous_1)
DA:1,1
DA:2,1
DA:3,1
DA:4,1
DA:6,1
DA:7,1
DA:8,1
DA:9,1
DA:10,1
DA:12,0
DA:13,0
DA:14,0
DA:16,0
LF:13
LH:9
BRDA:9,0,0,1
BRDA:9,0,1,0
BRDA:13,1,0,0
BRDA:13,1,1,0
BRF:4
BRH:1
end_of_record
TN:
SF:C:\Users\Administrator\Desktop\NodeJS\MyDemoRepo\apis\postEmployee\routes\postEmployee.js
FNF:0
FNH:0
DA:1,1
DA:2,1
DA:4,1
DA:24,1
DA:26,1
LF:5
LH:5
BRF:0
BRH:0
end_of_record
TN:
SF:C:\Users\Administrator\Desktop\NodeJS\MyDemoRepo\apis\postEmployee\services\postEmployeeService.js
FN:3,(anonymous_0)
FN:4,(anonymous_1)
FNF:2
FNH:0
FNDA:0,(anonymous_0)
FNDA:0,(anonymous_1)
DA:1,1
DA:2,1
DA:4,0
DA:5,0
LF:4
LH:2
BRF:0
BRH:0
end_of_record
TN:
SF:C:\Users\Administrator\Desktop\NodeJS\MyDemoRepo\apis\postEmployee\test\postEmployee.spec.js
FN:15,(anonymous_0)
FN:19,(anonymous_1)
FN:20,(anonymous_2)
FN:28,(anonymous_3)
FNF:4
FNH:4
FNDA:1,(anonymous_0)
FNDA:1,(anonymous_1)
FNDA:1,(anonymous_2)
FNDA:1,(anonymous_3)
DA:2,1
DA:5,1
DA:6,1
DA:7,1
DA:8,1
DA:9,1
DA:12,1
DA:15,1
DA:19,1
DA:20,1
DA:21,1
DA:29,1
DA:32,1
LF:13
LH:13
BRF:0
BRH:0
end_of_record
TN:
SF:C:\Users\Administrator\Desktop\NodeJS\MyDemoRepo\apis\postEmployee\utils\queryUtil.js
FNF:0
FNH:0
DA:1,1
LF:1
LH:1
BRF:0
BRH:0
end_of_record
TN:
SF:C:\Users\Administrator\Desktop\NodeJS\MyDemoRepo\config\dbConnection.js
FNF:0
FNH:0
DA:1,1
DA:4,1
DA:8,1
DA:16,1
LF:4
LH:4
BRF:0
BRH:0
end_of_record
