TN:
SF:C:\Users\Administrator\Downloads\201assignment-master\201assignment-master\MyApp\app.js
FN:17,(anonymous_0)
FN:39,(anonymous_1)
FN:47,(anonymous_2)
FNF:3
FNH:3
FNDA:1,(anonymous_0)
FNDA:1,(anonymous_1)
FNDA:1,(anonymous_2)
DA:1,1
DA:2,1
DA:3,1
DA:4,1
DA:5,1
DA:6,1
DA:7,1
DA:8,1
DA:9,1
DA:10,1
DA:12,1
DA:13,1
DA:14,1
DA:15,1
DA:17,1
DA:18,1
DA:21,1
DA:23,1
DA:35,1
DA:37,1
DA:39,1
DA:40,1
DA:41,1
DA:42,1
DA:43,1
DA:47,1
DA:48,1
DA:49,1
DA:51,1
DA:52,1
DA:55,1
LF:31
LH:31
BRDA:49,0,0,0
BRDA:49,0,1,1
BRDA:51,1,0,1
BRDA:51,1,1,0
BRF:4
BRH:2
end_of_record
TN:
SF:C:\Users\Administrator\Downloads\201assignment-master\201assignment-master\MyApp\index.js
FN:18,(anonymous_0)
FNF:1
FNH:1
FNDA:1,(anonymous_0)
DA:1,1
DA:2,1
DA:18,1
DA:19,1
DA:22,1
LF:5
LH:5
BRF:0
BRH:0
end_of_record
